<?xml version="1.0" encoding="UTF-8"?>
<!-- Generated by org.testng.reporters.JUnitReportReporter -->
<testsuite hostname="DESKTOP-FJ3LEFB" failures="0" tests="4" name="com.automate.testcases.ui.RegistrationPageTests" time="2.636" errors="0" timestamp="2025-04-15T00:49:47 BST" skipped="0">
  <testcase classname="com.automate.testcases.ui.RegistrationPageTests" name="clickRegistrationLink" time="0.502"/>
  <testcase classname="com.automate.testcases.ui.RegistrationPageTests" name="testFillInForm" time="0.914"/>
  <testcase classname="com.automate.testcases.ui.RegistrationPageTests" name="fillNotMatchingPasswordsAndRegister" time="0.641"/>
  <testcase classname="com.automate.testcases.ui.RegistrationPageTests" name="fillMatchingPasswordsAndRegister" time="0.579"/>
</testsuite> <!-- com.automate.testcases.ui.RegistrationPageTests -->
